<?xml version="1.0" encoding="UTF-8"?>
<testsuite name="TestPersoana" tests="1" skipped="0" failures="0" errors="0" timestamp="2020-02-28T13:52:42" hostname="Georges-MacBook-Pro.local" time="0.001">
  <properties/>
  <testcase name="testAdd()" classname="TestPersoana" time="0.001"/>
  <system-out><![CDATA[]]></system-out>
  <system-err><![CDATA[]]></system-err>
</testsuite>
